<?xml version="1.0" encoding="UTF-8"?>
<!-- Generated by org.testng.reporters.JUnitXMLReporter -->
<testsuite hostname="LP-PC0MQFYK" ignored="0" name="FreeCRM_Automation_Test" tests="4" failures="1" timestamp="13 Aug 2018 13:30:11 GMT" time="27.618" errors="0">
  <testcase name="FreeCRMTitleTest" time="14.596" classname="Com.crm.qa.TestCases.LoginPageTest">
    <failure type="java.lang.AssertionError" message="The following asserts failed:
	Invalid LoginPage CRM-Title expected [Free CRM software in the cloud powers sales and customer service] but found [#1 Free CRM software in the cloud for sales and service]">
      <![CDATA[java.lang.AssertionError: The following asserts failed:
Invalid LoginPage CRM-Title expected [Free CRM software in the cloud powers sales and customer service] but found [#1 Free CRM software in the cloud for sales and service]
at Com.crm.qa.TestCases.LoginPageTest.FreeCRMTitleTest(LoginPageTest.java:30)
... Removed 26 stack frames]]>
    </failure>
  </testcase> <!-- FreeCRMTitleTest -->
  <testcase name="CRMLogoTest" time="0.089" classname="Com.crm.qa.TestCases.LoginPageTest"/>
  <testcase name="LoginTest" time="12.754" classname="Com.crm.qa.TestCases.LoginPageTest"/>
  <testcase name="VerifyusernameLabelTest" time="0.129" classname="Com.crm.qa.TestCases.LoginPageTest"/>
</testsuite> <!-- FreeCRM_Automation_Test -->
