<?xml version="1.0" encoding="UTF-8"?>
<!-- Generated by org.testng.reporters.JUnitXMLReporter -->
<testsuite hostname="LP-PC0MQFYK" ignored="0" name="FreeCRM_Automation_Test" tests="2" failures="0" timestamp="27 Jul 2018 04:35:39 GMT" time="45.012" errors="0">
  <testcase name="LoginPageFreeCRMTitleTest" time="13.834" classname="Com.crm.qa.TestCases.SignUpPageTest"/>
  <testcase name="ClickingOnNewContactPageTest" time="31.136" classname="Com.crm.qa.TestCases.NewContactsPageTest"/>
</testsuite> <!-- FreeCRM_Automation_Test -->
